<?xml version="1.0" encoding="UTF-8"?>
<testng-results skipped="0" failed="0" total="1" passed="1">
  <reporter-output>
  </reporter-output>
  <suite name="Suite" duration-ms="32108" started-at="2017-10-12T09:20:45Z" finished-at="2017-10-12T09:21:18Z">
    <groups>
    </groups>
    <test name="Test" duration-ms="32108" started-at="2017-10-12T09:20:45Z" finished-at="2017-10-12T09:21:18Z">
      <class name="mavenBuild1.TestingClass">
        <test-method status="PASS" signature="openBrowser()[pri:0, instance:mavenBuild1.TestingClass@5cb9f472]" name="openBrowser" duration-ms="32011" started-at="2017-10-12T10:20:45Z" finished-at="2017-10-12T10:21:18Z">
          <reporter-output>
          </reporter-output>
        </test-method> <!-- openBrowser -->
      </class> <!-- mavenBuild1.TestingClass -->
    </test> <!-- Test -->
  </suite> <!-- Suite -->
</testng-results>
